2020-05-07 13:15:48,408 CRIT Supervisor is running as root.  Privileges were not dropped because no user is specified in the config file.  If you intend to run as root, you can set user=root in the config file to avoid this message.
2020-05-07 13:15:48,411 INFO supervisord started with pid 1
2020-05-07 13:15:49,412 INFO spawnerr: can't find command 'cron'
2020-05-07 13:15:49,413 INFO spawned: 'php' with pid 7
2020-05-07 13:15:50,435 INFO spawnerr: can't find command 'cron'
2020-05-07 13:15:50,435 INFO success: php entered RUNNING state, process has stayed up for > than 1 seconds (startsecs)
2020-05-07 13:15:52,437 INFO spawnerr: can't find command 'cron'
2020-05-07 13:15:55,441 INFO spawnerr: can't find command 'cron'
2020-05-07 13:15:55,441 INFO gave up: cron entered FATAL state, too many start retries too quickly
2020-05-07 13:20:35,734 WARN received SIGQUIT indicating exit request
2020-05-07 13:20:35,734 INFO waiting for php to die
2020-05-07 13:20:35,737 INFO stopped: php (exit status 0)
2020-05-07 13:21:57,609 CRIT Supervisor is running as root.  Privileges were not dropped because no user is specified in the config file.  If you intend to run as root, you can set user=root in the config file to avoid this message.
2020-05-07 13:21:57,612 INFO supervisord started with pid 1
2020-05-07 13:21:58,614 INFO spawnerr: can't find command 'cron'
2020-05-07 13:21:58,615 INFO spawned: 'php' with pid 7
2020-05-07 13:21:59,637 INFO spawnerr: can't find command 'cron'
2020-05-07 13:21:59,637 INFO success: php entered RUNNING state, process has stayed up for > than 1 seconds (startsecs)
2020-05-07 13:22:01,640 INFO spawnerr: can't find command 'cron'
2020-05-07 13:22:04,644 INFO spawnerr: can't find command 'cron'
2020-05-07 13:22:04,644 INFO gave up: cron entered FATAL state, too many start retries too quickly
2020-05-07 13:27:36,983 WARN received SIGQUIT indicating exit request
2020-05-07 13:27:36,984 INFO waiting for php to die
2020-05-07 13:27:36,986 INFO stopped: php (exit status 0)
